[16-Apr-2019 23:37:10 UTC] PHP Warning:  include(../inc/dbConnection.php): failed to open stream: No such file or directory in /home/ubuntu/workspace/cst336finalProject/api/productAPI/addProduct.php on line 3
[16-Apr-2019 23:37:10 UTC] PHP Stack trace:
[16-Apr-2019 23:37:10 UTC] PHP   1. {main}() /home/ubuntu/workspace/cst336finalProject/api/productAPI/addProduct.php:0
[16-Apr-2019 23:37:10 UTC] PHP Warning:  include(): Failed opening '../inc/dbConnection.php' for inclusion (include_path='.:/usr/share/php:/usr/share/pear') in /home/ubuntu/workspace/cst336finalProject/api/productAPI/addProduct.php on line 3
[16-Apr-2019 23:37:10 UTC] PHP Stack trace:
[16-Apr-2019 23:37:10 UTC] PHP   1. {main}() /home/ubuntu/workspace/cst336finalProject/api/productAPI/addProduct.php:0
[16-Apr-2019 23:37:10 UTC] PHP Fatal error:  Call to undefined function getDatabaseConnection() in /home/ubuntu/workspace/cst336finalProject/api/productAPI/addProduct.php on line 4
[16-Apr-2019 23:37:10 UTC] PHP Stack trace:
[16-Apr-2019 23:37:10 UTC] PHP   1. {main}() /home/ubuntu/workspace/cst336finalProject/api/productAPI/addProduct.php:0
[26-Apr-2019 22:23:13 UTC] PHP Fatal error:  Uncaught exception 'PDOException' with message 'SQLSTATE[42S22]: Column not found: 1054 Unknown column 'productPrice' in 'order clause'' in /home/ubuntu/workspace/cst336finalProject/api/productAPI/getProducts.php:11
Stack trace:
#0 /home/ubuntu/workspace/cst336finalProject/api/productAPI/getProducts.php(11): PDOStatement->execute()
#1 {main}
  thrown in /home/ubuntu/workspace/cst336finalProject/api/productAPI/getProducts.php on line 11
[26-Apr-2019 22:25:53 UTC] PHP Warning:  json_decode() expects parameter 1 to be string, array given in /home/ubuntu/workspace/cst336finalProject/api/productAPI/getProducts.php on line 15
[26-Apr-2019 22:25:53 UTC] PHP Stack trace:
[26-Apr-2019 22:25:53 UTC] PHP   1. {main}() /home/ubuntu/workspace/cst336finalProject/api/productAPI/getProducts.php:0
[26-Apr-2019 22:25:53 UTC] PHP   2. json_decode() /home/ubuntu/workspace/cst336finalProject/api/productAPI/getProducts.php:15
[26-Apr-2019 22:26:13 UTC] PHP Warning:  json_decode() expects parameter 1 to be string, array given in /home/ubuntu/workspace/cst336finalProject/api/productAPI/getProducts.php on line 15
[26-Apr-2019 22:26:13 UTC] PHP Stack trace:
[26-Apr-2019 22:26:13 UTC] PHP   1. {main}() /home/ubuntu/workspace/cst336finalProject/api/productAPI/getProducts.php:0
[26-Apr-2019 22:26:13 UTC] PHP   2. json_decode() /home/ubuntu/workspace/cst336finalProject/api/productAPI/getProducts.php:15
[28-Apr-2019 01:11:03 UTC] PHP Fatal error:  Uncaught exception 'PDOException' with message 'SQLSTATE[42000]: Syntax error or access violation: 1064 You have an error in your SQL syntax; check the manual that corresponds to your MySQL server version for the right syntax to use near '' at line 1' in /home/ubuntu/workspace/cst336finalProject/api/productAPI/getProductInfo.php:11
Stack trace:
#0 /home/ubuntu/workspace/cst336finalProject/api/productAPI/getProductInfo.php(11): PDOStatement->execute()
#1 {main}
  thrown in /home/ubuntu/workspace/cst336finalProject/api/productAPI/getProductInfo.php on line 11
[28-Apr-2019 01:14:16 UTC] PHP Fatal error:  Uncaught exception 'PDOException' with message 'SQLSTATE[42000]: Syntax error or access violation: 1064 You have an error in your SQL syntax; check the manual that corresponds to your MySQL server version for the right syntax to use near '' at line 1' in /home/ubuntu/workspace/cst336finalProject/api/productAPI/getProductInfo.php:11
Stack trace:
#0 /home/ubuntu/workspace/cst336finalProject/api/productAPI/getProductInfo.php(11): PDOStatement->execute()
#1 {main}
  thrown in /home/ubuntu/workspace/cst336finalProject/api/productAPI/getProductInfo.php on line 11
[28-Apr-2019 01:19:07 UTC] PHP Fatal error:  Uncaught exception 'PDOException' with message 'SQLSTATE[42000]: Syntax error or access violation: 1064 You have an error in your SQL syntax; check the manual that corresponds to your MySQL server version for the right syntax to use near '' at line 1' in /home/ubuntu/workspace/cst336finalProject/api/productAPI/getProductInfo.php:11
Stack trace:
#0 /home/ubuntu/workspace/cst336finalProject/api/productAPI/getProductInfo.php(11): PDOStatement->execute()
#1 {main}
  thrown in /home/ubuntu/workspace/cst336finalProject/api/productAPI/getProductInfo.php on line 11
[28-Apr-2019 23:29:45 UTC] PHP Fatal error:  Uncaught exception 'PDOException' with message 'SQLSTATE[42000]: Syntax error or access violation: 1064 You have an error in your SQL syntax; check the manual that corresponds to your MySQL server version for the right syntax to use near '' at line 1' in /home/ubuntu/workspace/cst336finalProject/api/productAPI/getProductInfo.php:11
Stack trace:
#0 /home/ubuntu/workspace/cst336finalProject/api/productAPI/getProductInfo.php(11): PDOStatement->execute()
#1 {main}
  thrown in /home/ubuntu/workspace/cst336finalProject/api/productAPI/getProductInfo.php on line 11
[28-Apr-2019 23:29:52 UTC] PHP Fatal error:  Uncaught exception 'PDOException' with message 'SQLSTATE[42000]: Syntax error or access violation: 1064 You have an error in your SQL syntax; check the manual that corresponds to your MySQL server version for the right syntax to use near '' at line 1' in /home/ubuntu/workspace/cst336finalProject/api/productAPI/getProductInfo.php:11
Stack trace:
#0 /home/ubuntu/workspace/cst336finalProject/api/productAPI/getProductInfo.php(11): PDOStatement->execute()
#1 {main}
  thrown in /home/ubuntu/workspace/cst336finalProject/api/productAPI/getProductInfo.php on line 11
[28-Apr-2019 23:31:13 UTC] PHP Fatal error:  Uncaught exception 'PDOException' with message 'SQLSTATE[42S22]: Column not found: 1054 Unknown column 'cat_3' in 'where clause'' in /home/ubuntu/workspace/cst336finalProject/api/productAPI/getProductInfo.php:11
Stack trace:
#0 /home/ubuntu/workspace/cst336finalProject/api/productAPI/getProductInfo.php(11): PDOStatement->execute()
#1 {main}
  thrown in /home/ubuntu/workspace/cst336finalProject/api/productAPI/getProductInfo.php on line 11
[28-Apr-2019 23:31:18 UTC] PHP Fatal error:  Uncaught exception 'PDOException' with message 'SQLSTATE[42S22]: Column not found: 1054 Unknown column 'cat_3' in 'where clause'' in /home/ubuntu/workspace/cst336finalProject/api/productAPI/getProductInfo.php:11
Stack trace:
#0 /home/ubuntu/workspace/cst336finalProject/api/productAPI/getProductInfo.php(11): PDOStatement->execute()
#1 {main}
  thrown in /home/ubuntu/workspace/cst336finalProject/api/productAPI/getProductInfo.php on line 11
[02-May-2019 19:11:34 UTC] PHP Fatal error:  Uncaught exception 'PDOException' with message 'SQLSTATE[42000]: Syntax error or access violation: 1064 You have an error in your SQL syntax; check the manual that corresponds to your MySQL server version for the right syntax to use near '' at line 1' in /home/ubuntu/workspace/cst336finalProject/api/productAPI/getProductInfo.php:11
Stack trace:
#0 /home/ubuntu/workspace/cst336finalProject/api/productAPI/getProductInfo.php(11): PDOStatement->execute()
#1 {main}
  thrown in /home/ubuntu/workspace/cst336finalProject/api/productAPI/getProductInfo.php on line 11
[02-May-2019 19:12:51 UTC] PHP Fatal error:  Uncaught exception 'PDOException' with message 'SQLSTATE[42000]: Syntax error or access violation: 1064 You have an error in your SQL syntax; check the manual that corresponds to your MySQL server version for the right syntax to use near '' at line 1' in /home/ubuntu/workspace/cst336finalProject/api/productAPI/getProductInfo.php:11
Stack trace:
#0 /home/ubuntu/workspace/cst336finalProject/api/productAPI/getProductInfo.php(11): PDOStatement->execute()
#1 {main}
  thrown in /home/ubuntu/workspace/cst336finalProject/api/productAPI/getProductInfo.php on line 11
[02-May-2019 20:15:12 UTC] PHP Fatal error:  Uncaught exception 'PDOException' with message 'SQLSTATE[HY093]: Invalid parameter number: number of bound variables does not match number of tokens' in /home/ubuntu/workspace/cst336finalProject/api/adminAPI/updateProductAPI.php:28
Stack trace:
#0 /home/ubuntu/workspace/cst336finalProject/api/adminAPI/updateProductAPI.php(28): PDOStatement->execute(Array)
#1 {main}
  thrown in /home/ubuntu/workspace/cst336finalProject/api/adminAPI/updateProductAPI.php on line 28
[02-May-2019 20:17:03 UTC] PHP Fatal error:  Uncaught exception 'PDOException' with message 'SQLSTATE[HY093]: Invalid parameter number: number of bound variables does not match number of tokens' in /home/ubuntu/workspace/cst336finalProject/api/adminAPI/updateProductAPI.php:28
Stack trace:
#0 /home/ubuntu/workspace/cst336finalProject/api/adminAPI/updateProductAPI.php(28): PDOStatement->execute(Array)
#1 {main}
  thrown in /home/ubuntu/workspace/cst336finalProject/api/adminAPI/updateProductAPI.php on line 28
[02-May-2019 20:18:47 UTC] PHP Fatal error:  Uncaught exception 'PDOException' with message 'SQLSTATE[HY093]: Invalid parameter number: number of bound variables does not match number of tokens' in /home/ubuntu/workspace/cst336finalProject/api/adminAPI/updateProductAPI.php:28
Stack trace:
#0 /home/ubuntu/workspace/cst336finalProject/api/adminAPI/updateProductAPI.php(28): PDOStatement->execute(Array)
#1 {main}
  thrown in /home/ubuntu/workspace/cst336finalProject/api/adminAPI/updateProductAPI.php on line 28
[02-May-2019 20:20:45 UTC] PHP Fatal error:  Uncaught exception 'PDOException' with message 'SQLSTATE[HY093]: Invalid parameter number: number of bound variables does not match number of tokens' in /home/ubuntu/workspace/cst336finalProject/api/adminAPI/updateProductAPI.php:28
Stack trace:
#0 /home/ubuntu/workspace/cst336finalProject/api/adminAPI/updateProductAPI.php(28): PDOStatement->execute(Array)
#1 {main}
  thrown in /home/ubuntu/workspace/cst336finalProject/api/adminAPI/updateProductAPI.php on line 28
[02-May-2019 20:24:36 UTC] PHP Fatal error:  Uncaught exception 'PDOException' with message 'SQLSTATE[HY093]: Invalid parameter number: number of bound variables does not match number of tokens' in /home/ubuntu/workspace/cst336finalProject/api/adminAPI/updateProductAPI.php:31
Stack trace:
#0 /home/ubuntu/workspace/cst336finalProject/api/adminAPI/updateProductAPI.php(31): PDOStatement->execute(Array)
#1 {main}
  thrown in /home/ubuntu/workspace/cst336finalProject/api/adminAPI/updateProductAPI.php on line 31
[02-May-2019 20:26:13 UTC] PHP Fatal error:  Uncaught exception 'PDOException' with message 'SQLSTATE[HY093]: Invalid parameter number: number of bound variables does not match number of tokens' in /home/ubuntu/workspace/cst336finalProject/api/adminAPI/updateProductAPI.php:25
Stack trace:
#0 /home/ubuntu/workspace/cst336finalProject/api/adminAPI/updateProductAPI.php(25): PDOStatement->execute(Array)
#1 {main}
  thrown in /home/ubuntu/workspace/cst336finalProject/api/adminAPI/updateProductAPI.php on line 25
[02-May-2019 20:28:53 UTC] PHP Fatal error:  Uncaught exception 'PDOException' with message 'SQLSTATE[HY093]: Invalid parameter number: number of bound variables does not match number of tokens' in /home/ubuntu/workspace/cst336finalProject/api/adminAPI/updateProductAPI.php:25
Stack trace:
#0 /home/ubuntu/workspace/cst336finalProject/api/adminAPI/updateProductAPI.php(25): PDOStatement->execute(Array)
#1 {main}
  thrown in /home/ubuntu/workspace/cst336finalProject/api/adminAPI/updateProductAPI.php on line 25
[02-May-2019 20:31:01 UTC] PHP Fatal error:  Uncaught exception 'PDOException' with message 'SQLSTATE[HY093]: Invalid parameter number: number of bound variables does not match number of tokens' in /home/ubuntu/workspace/cst336finalProject/api/adminAPI/updateProductAPI.php:26
Stack trace:
#0 /home/ubuntu/workspace/cst336finalProject/api/adminAPI/updateProductAPI.php(26): PDOStatement->execute(Array)
#1 {main}
  thrown in /home/ubuntu/workspace/cst336finalProject/api/adminAPI/updateProductAPI.php on line 26
[02-May-2019 20:36:14 UTC] PHP Fatal error:  Uncaught exception 'PDOException' with message 'SQLSTATE[HY093]: Invalid parameter number: number of bound variables does not match number of tokens' in /home/ubuntu/workspace/cst336finalProject/api/adminAPI/updateProductAPI.php:32
Stack trace:
#0 /home/ubuntu/workspace/cst336finalProject/api/adminAPI/updateProductAPI.php(32): PDOStatement->execute(Array)
#1 {main}
  thrown in /home/ubuntu/workspace/cst336finalProject/api/adminAPI/updateProductAPI.php on line 32
[02-May-2019 20:39:09 UTC] PHP Fatal error:  Uncaught exception 'PDOException' with message 'SQLSTATE[HY093]: Invalid parameter number: number of bound variables does not match number of tokens' in /home/ubuntu/workspace/cst336finalProject/api/adminAPI/updateProductAPI.php:33
Stack trace:
#0 /home/ubuntu/workspace/cst336finalProject/api/adminAPI/updateProductAPI.php(33): PDOStatement->execute(Array)
#1 {main}
  thrown in /home/ubuntu/workspace/cst336finalProject/api/adminAPI/updateProductAPI.php on line 33
[02-May-2019 20:41:14 UTC] PHP Fatal error:  Uncaught exception 'PDOException' with message 'SQLSTATE[42000]: Syntax error or access violation: 1064 You have an error in your SQL syntax; check the manual that corresponds to your MySQL server version for the right syntax to use near '5.2' at line 1' in /home/ubuntu/workspace/cst336finalProject/api/adminAPI/updateProductAPI.php:33
Stack trace:
#0 /home/ubuntu/workspace/cst336finalProject/api/adminAPI/updateProductAPI.php(33): PDOStatement->execute(Array)
#1 {main}
  thrown in /home/ubuntu/workspace/cst336finalProject/api/adminAPI/updateProductAPI.php on line 33
[02-May-2019 20:42:28 UTC] PHP Fatal error:  Uncaught exception 'PDOException' with message 'SQLSTATE[HY093]: Invalid parameter number: number of bound variables does not match number of tokens' in /home/ubuntu/workspace/cst336finalProject/api/adminAPI/updateProductAPI.php:34
Stack trace:
#0 /home/ubuntu/workspace/cst336finalProject/api/adminAPI/updateProductAPI.php(34): PDOStatement->execute(Array)
#1 {main}
  thrown in /home/ubuntu/workspace/cst336finalProject/api/adminAPI/updateProductAPI.php on line 34
[02-May-2019 20:42:45 UTC] PHP Fatal error:  Uncaught exception 'PDOException' with message 'SQLSTATE[HY093]: Invalid parameter number: number of bound variables does not match number of tokens' in /home/ubuntu/workspace/cst336finalProject/api/adminAPI/updateProductAPI.php:29
Stack trace:
#0 /home/ubuntu/workspace/cst336finalProject/api/adminAPI/updateProductAPI.php(29): PDOStatement->execute(Array)
#1 {main}
  thrown in /home/ubuntu/workspace/cst336finalProject/api/adminAPI/updateProductAPI.php on line 29
[02-May-2019 20:43:17 UTC] PHP Fatal error:  Uncaught exception 'PDOException' with message 'SQLSTATE[HY093]: Invalid parameter number: number of bound variables does not match number of tokens' in /home/ubuntu/workspace/cst336finalProject/api/adminAPI/updateProductAPI.php:31
Stack trace:
#0 /home/ubuntu/workspace/cst336finalProject/api/adminAPI/updateProductAPI.php(31): PDOStatement->execute(Array)
#1 {main}
  thrown in /home/ubuntu/workspace/cst336finalProject/api/adminAPI/updateProductAPI.php on line 31
[02-May-2019 20:48:17 UTC] PHP Fatal error:  Uncaught exception 'PDOException' with message 'SQLSTATE[HY093]: Invalid parameter number: number of bound variables does not match number of tokens' in /home/ubuntu/workspace/cst336finalProject/api/adminAPI/updateProductAPI.php:24
Stack trace:
#0 /home/ubuntu/workspace/cst336finalProject/api/adminAPI/updateProductAPI.php(24): PDOStatement->execute(Array)
#1 {main}
  thrown in /home/ubuntu/workspace/cst336finalProject/api/adminAPI/updateProductAPI.php on line 24
[02-May-2019 20:48:44 UTC] PHP Fatal error:  Uncaught exception 'PDOException' with message 'SQLSTATE[HY093]: Invalid parameter number: number of bound variables does not match number of tokens' in /home/ubuntu/workspace/cst336finalProject/api/adminAPI/updateProductAPI.php:31
Stack trace:
#0 /home/ubuntu/workspace/cst336finalProject/api/adminAPI/updateProductAPI.php(31): PDOStatement->execute(Array)
#1 {main}
  thrown in /home/ubuntu/workspace/cst336finalProject/api/adminAPI/updateProductAPI.php on line 31
[02-May-2019 20:48:52 UTC] PHP Fatal error:  Uncaught exception 'PDOException' with message 'SQLSTATE[HY093]: Invalid parameter number: number of bound variables does not match number of tokens' in /home/ubuntu/workspace/cst336finalProject/api/adminAPI/updateProductAPI.php:31
Stack trace:
#0 /home/ubuntu/workspace/cst336finalProject/api/adminAPI/updateProductAPI.php(31): PDOStatement->execute(Array)
#1 {main}
  thrown in /home/ubuntu/workspace/cst336finalProject/api/adminAPI/updateProductAPI.php on line 31
[02-May-2019 20:48:58 UTC] PHP Fatal error:  Uncaught exception 'PDOException' with message 'SQLSTATE[HY093]: Invalid parameter number: number of bound variables does not match number of tokens' in /home/ubuntu/workspace/cst336finalProject/api/adminAPI/updateProductAPI.php:31
Stack trace:
#0 /home/ubuntu/workspace/cst336finalProject/api/adminAPI/updateProductAPI.php(31): PDOStatement->execute(Array)
#1 {main}
  thrown in /home/ubuntu/workspace/cst336finalProject/api/adminAPI/updateProductAPI.php on line 31
[02-May-2019 20:49:08 UTC] PHP Fatal error:  Uncaught exception 'PDOException' with message 'SQLSTATE[HY093]: Invalid parameter number: number of bound variables does not match number of tokens' in /home/ubuntu/workspace/cst336finalProject/api/adminAPI/updateProductAPI.php:31
Stack trace:
#0 /home/ubuntu/workspace/cst336finalProject/api/adminAPI/updateProductAPI.php(31): PDOStatement->execute(Array)
#1 {main}
  thrown in /home/ubuntu/workspace/cst336finalProject/api/adminAPI/updateProductAPI.php on line 31
